    1  git init
    2  git status
    3  git add .
    4  git commit -m 'added code ignitor'
    5  git push origin master
    6  git init
    7  git status
    8  echo "# phpframeworksecondclass" >> README.md
    9  git init
   10  git add README.md
   11  git commit -m "first commit"
   12  git remote add origin https://github.com/greatshah222/phpframeworksecondclass.git
   13  git push -u origin master
   14  config --global user.name "Bishal shah"
   15  ls
   16  cd document
   17  cd documents
   18  git config
   19  git config --global
   20  git config --global user.name "Bishal shah"  
   21  git init
   22  git status
   23  git status
   24  ls
   25  log in
   26  git config --global user.email 'great.shah222@gmail.com'
   27  cd..
   28  cd
   29  cd..
   30  git config --global user.email 'great.shah222@gmail.com'
   31  git init
   32  ssh-keygen
   33   echo 'TODO: Add contents for README' > README
   34  git status
   35  git add.
   36  git add .
   37  git status
   38  git status -s
   39  git commit -m  'initial commit'
   40  git log
   41  git remote add origin
   42  git remote add origin https://github.com/greatshah222/hello-world.git
   43  git push origin master
   44  cd ..
   45  mkdir gitexercise
   46  cd gitexercise
   47  git init
   48  ssh-keygen
   49  git pull https://github.com/greatshah222/gitexercise.git
   50  git add readme.md
   51  echo "git exercise" >> Readme.md
   52  git add Readme.md 
   53  git commit -m "new repo initialized"
   54  git remote add origin https://github.com/greatshah222/gitexercise.git
   55  git remote push
   56  git remote push origin
   57  git push -u origin master
   58  git pull origin master
   59  git add .
   60  git commit -m "First commit"
   61  git remote -v
   62  git push origin master
   63  git add branch b1
   64  git add b1
   65  git remote add branch b1
   66  git add .
   67  git commit -m "longer cat"
   68  git push origin master
   69  git switch b1
   70  git use b1
   71  git checkout b1
   72  git branch
   73  git branch b1
   74  git checkout b1
   75  git status
   76  git add .
   77  git commit -m "cat with ears"
   78  git push origin b1
   79  git checkout master
   80  git merge b1 -m "merge"
   81  git remove b1
   82  git branch -d b1
   83  git add .
   84  git commit -m "long cat with eaars"
   85  git push origin master
   86  git status
   87  git branch b1
   88  git pull origin master
   89  git merge -b1 "merge"
   90  git merge -b1 -m "merge"
   91  cd ..
   

Answer 4.1

92  git clone https://github.com/greatshah222/git_exercise.git
   93  git remote add origin /       \ 
   94     |  #    # | 
   95     \     @   |      \   _|_ / 
   96      /       \______ 
   97     / _______ ___   \ 
   98     |_____   \   \__/ 
   99      |    \__/ 
  100      |       | 
  101      /        \ 
  102     /   ____   \ 
  103     |  /    \  | 
  104     | |      | | 
  105    /  |      |  \ 
  106    \__/      \__/ 
  107    
  108    Picture 1: Shortcat. 
  109  git remote add origin https://github.com/greatshah222/git_exercise.git
  110  git remote remove origin
  111  git remote add origin https://github.com/greatshah222/git_exercise.git
  112  git add .
  113  cd git_exercise
  114  git status
  115  git add .
  116  git status
  117  git commit -m "first commit"
  118  git branch b1
  119  git add .
  120  git commit -m "long cat"
  121  git checkout b1
  122  git branch
  123  git add .
  124  git commit -m "cat with ears"
  125  git checkout master
  126  git merge b1 -m "merge"
  127  git merge b1 -m "merge"
  128  git status
  129  git delete -d b1
  130  git branch -d b1
  131  git merge b1 -m
  132  git merge b1
  133  git delete -D b1
  134  git branch -D b1
  135  git status
  136  git clean
  137  git clean
  138  git clean -fd
  139  git status
  140  git reset --soft HEAD~1
  141  git reset --hard HEAD~1
  142  git status
  143  git reset --hard HEAD~1
  144  git status
  145  git add .
  146  git commit -m "first commit"
  147  git push origin master
  148  git branch b1
  149  git add .
  150  git commit -m "long cat"
  151  git checkout b1
  152  git add .
  153  git commit -m "cat with ears"
  154  git checkout master
  155  git merge b1 -m "merge"
  156  git branch -d b1
  157  git push origin master
  158  git branch b2
  159  git add .
  160  git commit -m "| belt"
  161  git checkout b2
  162  git add .
  163  git commit -m "new belt"
  164  git checkout master
  165  git merge b2 -m "merging"
  166  git diff
  167  git push origin master
  168  git pull origin master
  169  git branch -D b2
  170  git push origin master
  171  git pull orgin master
  172  git status
  173  history>mylog.log
  174  git clean -fd
  175  history>mylog.log
